15:09:17.616 [main] DEBUG c.e.f.t.c.dao.IManyTable - debug
15:09:18.895 [main] DEBUG c.e.f.t.c.dao.IManyTable.geTroubles - ooo Using Connection [ProxyConnection[PooledConnection[com.mysql.jdbc.JDBC4Connection@b85c3e6]]]
15:09:18.906 [main] DEBUG c.e.f.t.c.dao.IManyTable.geTroubles - ==>  Preparing: select table_trouble.*,table_trouble_operation.* FROM table_trouble,table_trouble_operation WHERE table_trouble.id=table_trouble_operation.trouble_id 
15:09:18.989 [main] DEBUG c.e.f.t.c.dao.IManyTable.geTroubles - ==> Parameters: 
15:09:19.068 [main] DEBUG c.e.f.t.c.d.I.getTroubleOperationByTroubleId - ooo Using Connection [ProxyConnection[PooledConnection[com.mysql.jdbc.JDBC4Connection@b85c3e6]]]
15:09:19.069 [main] DEBUG c.e.f.t.c.d.I.getTroubleOperationByTroubleId - ==>  Preparing: select * from table_trouble_operation where trouble_id=? order by operation_datetime desc 
15:09:19.076 [main] DEBUG c.e.f.t.c.d.I.getTroubleOperationByTroubleId - ==> Parameters: 6(Long)
15:09:19.085 [main] DEBUG c.e.f.t.c.d.I.getTroubleOperationByTroubleId - <==      Total: 1
15:09:19.086 [main] DEBUG c.e.f.t.c.dao.IManyTable.geTroubles - <==      Total: 1
15:12:46.930 [main] DEBUG c.e.f.t.c.dao.IStaffDao.updateStaff - ooo Using Connection [ProxyConnection[PooledConnection[com.mysql.jdbc.JDBC4Connection@57ab648b]]]
15:12:46.948 [main] DEBUG c.e.f.t.c.dao.IStaffDao.updateStaff - ==>  Preparing: UPDATE table_staff SET email = ? WHERE (id= ? and flag=1) 
15:12:47.021 [main] DEBUG c.e.f.t.c.dao.IStaffDao.updateStaff - ==> Parameters: 1111111111111110(String), 1(Long)
15:13:05.557 [main] DEBUG c.e.f.t.c.dao.IStaffDao.updateStaff - ooo Using Connection [ProxyConnection[PooledConnection[com.mysql.jdbc.JDBC4Connection@6768dcb]]]
15:13:05.574 [main] DEBUG c.e.f.t.c.dao.IStaffDao.updateStaff - ==>  Preparing: UPDATE table_staff SET email = ? WHERE (id= ? and flag=1) 
15:13:05.647 [main] DEBUG c.e.f.t.c.dao.IStaffDao.updateStaff - ==> Parameters: 1111111111111110(String), 1(Long)
15:17:06.688 [main] DEBUG c.e.f.t.c.dao.IStaffDao.updateStaff - ooo Using Connection [ProxyConnection[PooledConnection[com.mysql.jdbc.JDBC4Connection@65876428]]]
15:17:06.706 [main] DEBUG c.e.f.t.c.dao.IStaffDao.updateStaff - ==>  Preparing: UPDATE table_staff SET email = ? WHERE (id= ? and flag=1) 
15:17:06.785 [main] DEBUG c.e.f.t.c.dao.IStaffDao.updateStaff - ==> Parameters: 1111111111111110(String), 1(Long)
15:17:20.381 [main] DEBUG c.e.f.t.c.dao.IStaffDao.updateStaff - ooo Using Connection [ProxyConnection[PooledConnection[com.mysql.jdbc.JDBC4Connection@4eefd230]]]
15:17:20.398 [main] DEBUG c.e.f.t.c.dao.IStaffDao.updateStaff - ==>  Preparing: UPDATE table_staff SET email = ? WHERE (id= ? and flag=1) 
15:17:20.482 [main] DEBUG c.e.f.t.c.dao.IStaffDao.updateStaff - ==> Parameters: 1111111111111110(String), 1(Long)
15:19:50.928 [main] DEBUG c.e.f.t.c.dao.IStaffDao.updateStaff - ooo Using Connection [ProxyConnection[PooledConnection[com.mysql.jdbc.JDBC4Connection@7f13349]]]
15:19:50.946 [main] DEBUG c.e.f.t.c.dao.IStaffDao.updateStaff - ==>  Preparing: UPDATE table_staff SET email = ? WHERE (id= ? and flag=1) 
15:19:51.027 [main] DEBUG c.e.f.t.c.dao.IStaffDao.updateStaff - ==> Parameters: 1111111111111110(String), 1(Long)
15:20:04.375 [main] DEBUG c.e.f.t.c.dao.IStaffDao.updateStaff - ooo Using Connection [ProxyConnection[PooledConnection[com.mysql.jdbc.JDBC4Connection@29f684ea]]]
15:20:04.392 [main] DEBUG c.e.f.t.c.dao.IStaffDao.updateStaff - ==>  Preparing: UPDATE table_staff SET email = ? WHERE (id= ? and flag=1) 
15:20:04.474 [main] DEBUG c.e.f.t.c.dao.IStaffDao.updateStaff - ==> Parameters: 1111111111111110(String), 1(Long)
15:29:13.432 [main] DEBUG c.e.f.t.c.dao.IStaffDao.updateStaff - ooo Using Connection [ProxyConnection[PooledConnection[com.mysql.jdbc.JDBC4Connection@7f13349]]]
15:29:13.451 [main] DEBUG c.e.f.t.c.dao.IStaffDao.updateStaff - ==>  Preparing: UPDATE table_staff SET email = ? WHERE (id= ? and flag=1) 
15:29:13.536 [main] DEBUG c.e.f.t.c.dao.IStaffDao.updateStaff - ==> Parameters: 1111111111111110(String), 1(Long)
15:29:56.094 [main] DEBUG c.e.f.t.c.dao.IStaffDao.updateStaff - ooo Using Connection [ProxyConnection[PooledConnection[com.mysql.jdbc.JDBC4Connection@63e5d6c2]]]
15:29:56.112 [main] DEBUG c.e.f.t.c.dao.IStaffDao.updateStaff - ==>  Preparing: UPDATE table_staff SET email = ? WHERE (id= ? and flag=1) 
15:29:56.192 [main] DEBUG c.e.f.t.c.dao.IStaffDao.updateStaff - ==> Parameters: 1111111111111110(String), 1(Long)
15:31:17.826 [main] DEBUG c.e.f.t.c.dao.IStaffDao.getStaffById - ooo Using Connection [ProxyConnection[PooledConnection[com.mysql.jdbc.JDBC4Connection@5863058e]]]
15:31:17.844 [main] DEBUG c.e.f.t.c.dao.IStaffDao.getStaffById - ==>  Preparing: select * from table_staff where id=? 
15:31:17.924 [main] DEBUG c.e.f.t.c.dao.IStaffDao.getStaffById - ==> Parameters: 1(Long)
15:31:17.973 [main] DEBUG c.e.f.t.c.dao.IStaffDao.getStaffById - <==      Total: 1
15:31:31.265 [main] DEBUG c.e.f.t.c.dao.IStaffDao.getStaffById - ooo Using Connection [ProxyConnection[PooledConnection[com.mysql.jdbc.JDBC4Connection@6671743c]]]
15:31:31.286 [main] DEBUG c.e.f.t.c.dao.IStaffDao.getStaffById - ==>  Preparing: select * from table_staff where id=? 
15:31:31.374 [main] DEBUG c.e.f.t.c.dao.IStaffDao.getStaffById - ==> Parameters: 1(Long)
15:31:31.426 [main] DEBUG c.e.f.t.c.dao.IStaffDao.getStaffById - <==      Total: 1
15:34:20.726 [main] DEBUG c.e.f.t.c.dao.IStaffDao.getStaffById - ooo Using Connection [ProxyConnection[PooledConnection[com.mysql.jdbc.JDBC4Connection@7eddd8be]]]
15:34:20.743 [main] DEBUG c.e.f.t.c.dao.IStaffDao.getStaffById - ==>  Preparing: select * from table_staff where id=? 
15:34:20.818 [main] DEBUG c.e.f.t.c.dao.IStaffDao.getStaffById - ==> Parameters: 1(Long)
15:34:20.870 [main] DEBUG c.e.f.t.c.dao.IStaffDao.getStaffById - <==      Total: 1
15:34:34.649 [main] DEBUG c.e.f.t.c.dao.IStaffDao.getStaffById - ooo Using Connection [ProxyConnection[PooledConnection[com.mysql.jdbc.JDBC4Connection@7984d19d]]]
15:34:34.666 [main] DEBUG c.e.f.t.c.dao.IStaffDao.getStaffById - ==>  Preparing: select * from table_staff where id=? 
15:34:34.744 [main] DEBUG c.e.f.t.c.dao.IStaffDao.getStaffById - ==> Parameters: 1(Long)
15:34:34.790 [main] DEBUG c.e.f.t.c.dao.IStaffDao.getStaffById - <==      Total: 1
16:10:21.574 [main] DEBUG c.e.f.t.c.dao.IStaffDao.getStaffById - ooo Using Connection [ProxyConnection[PooledConnection[com.mysql.jdbc.JDBC4Connection@7c2db212]]]
16:10:21.638 [main] DEBUG c.e.f.t.c.dao.IStaffDao.getStaffById - ==>  Preparing: select * from table_staff where id=? 
16:10:21.717 [main] DEBUG c.e.f.t.c.dao.IStaffDao.getStaffById - ==> Parameters: 1(Long)
16:10:21.776 [main] DEBUG c.e.f.t.c.dao.IStaffDao.getStaffById - <==      Total: 1
16:11:07.369 [main] DEBUG c.e.f.t.c.dao.IStaffDao.getStaffById - ooo Using Connection [ProxyConnection[PooledConnection[com.mysql.jdbc.JDBC4Connection@1c3507a7]]]
16:11:07.386 [main] DEBUG c.e.f.t.c.dao.IStaffDao.getStaffById - ==>  Preparing: select * from table_staff where id=? 
16:11:07.467 [main] DEBUG c.e.f.t.c.dao.IStaffDao.getStaffById - ==> Parameters: 1(Long)
16:11:07.514 [main] DEBUG c.e.f.t.c.dao.IStaffDao.getStaffById - <==      Total: 1
16:14:21.514 [main] DEBUG c.e.f.t.c.dao.IStaffDao.getStaffById - ooo Using Connection [ProxyConnection[PooledConnection[com.mysql.jdbc.JDBC4Connection@4cbe42c8]]]
16:14:21.577 [main] DEBUG c.e.f.t.c.dao.IStaffDao.getStaffById - ==>  Preparing: select * from table_staff where id=? 
16:14:21.652 [main] DEBUG c.e.f.t.c.dao.IStaffDao.getStaffById - ==> Parameters: 1(Long)
16:14:21.708 [main] DEBUG c.e.f.t.c.dao.IStaffDao.getStaffById - <==      Total: 1
16:14:34.700 [main] DEBUG c.e.f.t.c.dao.IStaffDao.getStaffById - ooo Using Connection [ProxyConnection[PooledConnection[com.mysql.jdbc.JDBC4Connection@20e10434]]]
16:14:34.718 [main] DEBUG c.e.f.t.c.dao.IStaffDao.getStaffById - ==>  Preparing: select * from table_staff where id=? 
16:14:34.789 [main] DEBUG c.e.f.t.c.dao.IStaffDao.getStaffById - ==> Parameters: 1(Long)
16:14:34.835 [main] DEBUG c.e.f.t.c.dao.IStaffDao.getStaffById - <==      Total: 1
16:14:52.975 [main] DEBUG c.e.f.t.c.dao.IStaffDao.getStaffById - ooo Using Connection [ProxyConnection[PooledConnection[com.mysql.jdbc.JDBC4Connection@163efd26]]]
16:14:53.038 [main] DEBUG c.e.f.t.c.dao.IStaffDao.getStaffById - ==>  Preparing: select * from table_staff where id=? 
16:14:53.119 [main] DEBUG c.e.f.t.c.dao.IStaffDao.getStaffById - ==> Parameters: 1(Long)
16:14:53.162 [main] DEBUG c.e.f.t.c.dao.IStaffDao.getStaffById - <==      Total: 1
16:40:37.063 [main] DEBUG c.e.f.t.c.dao.IStaffDao.getStaffById - ooo Using Connection [ProxyConnection[PooledConnection[com.mysql.jdbc.JDBC4Connection@5cc05d8d]]]
16:40:37.081 [main] DEBUG c.e.f.t.c.dao.IStaffDao.getStaffById - ==>  Preparing: select * from table_staff where id=? 
16:40:37.155 [main] DEBUG c.e.f.t.c.dao.IStaffDao.getStaffById - ==> Parameters: 1(Long)
16:40:37.207 [main] DEBUG c.e.f.t.c.dao.IStaffDao.getStaffById - <==      Total: 1
16:40:49.877 [main] DEBUG c.e.f.t.c.dao.IStaffDao.getStaffById - ooo Using Connection [ProxyConnection[PooledConnection[com.mysql.jdbc.JDBC4Connection@3bbd9dea]]]
16:40:49.895 [main] DEBUG c.e.f.t.c.dao.IStaffDao.getStaffById - ==>  Preparing: select * from table_staff where id=? 
16:40:49.973 [main] DEBUG c.e.f.t.c.dao.IStaffDao.getStaffById - ==> Parameters: 1(Long)
16:40:50.026 [main] DEBUG c.e.f.t.c.dao.IStaffDao.getStaffById - <==      Total: 1
16:41:25.979 [main] DEBUG c.e.f.t.c.dao.IStaffDao.getStaffById - ooo Using Connection [ProxyConnection[PooledConnection[com.mysql.jdbc.JDBC4Connection@27937155]]]
16:41:25.997 [main] DEBUG c.e.f.t.c.dao.IStaffDao.getStaffById - ==>  Preparing: select * from table_staff where id=? 
16:41:26.070 [main] DEBUG c.e.f.t.c.dao.IStaffDao.getStaffById - ==> Parameters: 1(Long)
16:41:26.123 [main] DEBUG c.e.f.t.c.dao.IStaffDao.getStaffById - <==      Total: 1
16:51:55.710 [main] DEBUG c.e.f.t.c.dao.IStaffDao.getStaffById - ooo Using Connection [ProxyConnection[PooledConnection[com.mysql.jdbc.JDBC4Connection@64220f7b]]]
16:51:55.730 [main] DEBUG c.e.f.t.c.dao.IStaffDao.getStaffById - ==>  Preparing: select * from table_staff where id=? 
16:51:55.823 [main] DEBUG c.e.f.t.c.dao.IStaffDao.getStaffById - ==> Parameters: 1(Long)
16:51:55.888 [main] DEBUG c.e.f.t.c.dao.IStaffDao.getStaffById - <==      Total: 1
16:52:13.097 [main] DEBUG c.e.f.t.c.dao.IStaffDao.getStaffById - ooo Using Connection [ProxyConnection[PooledConnection[com.mysql.jdbc.JDBC4Connection@a0a9820]]]
16:52:13.117 [main] DEBUG c.e.f.t.c.dao.IStaffDao.getStaffById - ==>  Preparing: select * from table_staff where id=? 
16:52:13.228 [main] DEBUG c.e.f.t.c.dao.IStaffDao.getStaffById - ==> Parameters: 1(Long)
16:52:13.292 [main] DEBUG c.e.f.t.c.dao.IStaffDao.getStaffById - <==      Total: 1
16:53:15.116 [main] DEBUG c.e.f.t.c.dao.IStaffDao.getStaffById - ooo Using Connection [ProxyConnection[PooledConnection[com.mysql.jdbc.JDBC4Connection@15703b95]]]
16:53:15.139 [main] DEBUG c.e.f.t.c.dao.IStaffDao.getStaffById - ==>  Preparing: select * from table_staff where id=? 
16:53:15.243 [main] DEBUG c.e.f.t.c.dao.IStaffDao.getStaffById - ==> Parameters: 1(Long)
16:53:15.304 [main] DEBUG c.e.f.t.c.dao.IStaffDao.getStaffById - <==      Total: 1
16:53:35.276 [main] DEBUG c.e.f.t.c.dao.IStaffDao.getStaffById - ooo Using Connection [ProxyConnection[PooledConnection[com.mysql.jdbc.JDBC4Connection@15703b95]]]
16:53:35.297 [main] DEBUG c.e.f.t.c.dao.IStaffDao.getStaffById - ==>  Preparing: select * from table_staff where id=? 
16:53:35.403 [main] DEBUG c.e.f.t.c.dao.IStaffDao.getStaffById - ==> Parameters: 1(Long)
16:53:35.470 [main] DEBUG c.e.f.t.c.dao.IStaffDao.getStaffById - <==      Total: 1
17:08:05.313 [main] DEBUG c.e.f.t.c.dao.IStaffDao.getStaffById - ooo Using Connection [ProxyConnection[PooledConnection[com.mysql.jdbc.JDBC4Connection@ef6e1f0]]]
17:08:05.330 [main] DEBUG c.e.f.t.c.dao.IStaffDao.getStaffById - ==>  Preparing: select * from table_staff where id=? 
17:08:05.407 [main] DEBUG c.e.f.t.c.dao.IStaffDao.getStaffById - ==> Parameters: 1(Long)
17:08:05.464 [main] DEBUG c.e.f.t.c.dao.IStaffDao.getStaffById - <==      Total: 1
17:08:24.226 [main] DEBUG c.e.f.t.c.dao.IStaffDao.getStaffById - ooo Using Connection [ProxyConnection[PooledConnection[com.mysql.jdbc.JDBC4Connection@6af7e0d1]]]
17:08:24.243 [main] DEBUG c.e.f.t.c.dao.IStaffDao.getStaffById - ==>  Preparing: select * from table_staff where id=? 
17:08:24.320 [main] DEBUG c.e.f.t.c.dao.IStaffDao.getStaffById - ==> Parameters: 1(Long)
17:08:24.368 [main] DEBUG c.e.f.t.c.dao.IStaffDao.getStaffById - <==      Total: 1
17:18:26.748 [main] DEBUG c.e.f.t.c.dao.IStaffDao.getStaffById - ooo Using Connection [ProxyConnection[PooledConnection[com.mysql.jdbc.JDBC4Connection@4893ccd0]]]
17:18:26.767 [main] DEBUG c.e.f.t.c.dao.IStaffDao.getStaffById - ==>  Preparing: select * from table_staff where id=? 
17:18:26.851 [main] DEBUG c.e.f.t.c.dao.IStaffDao.getStaffById - ==> Parameters: 1(Long)
17:18:26.909 [main] DEBUG c.e.f.t.c.dao.IStaffDao.getStaffById - <==      Total: 1
19:04:00.893 [main] DEBUG c.e.f.t.c.dao.IManyTable.geTroubles - ooo Using Connection [ProxyConnection[PooledConnection[com.mysql.jdbc.JDBC4Connection@52f00d5]]]
19:04:00.905 [main] DEBUG c.e.f.t.c.dao.IManyTable.geTroubles - ==>  Preparing: select table_trouble.*,table_trouble_operation.* FROM table_trouble,table_trouble_operation WHERE table_trouble.id=table_trouble_operation.trouble_id 
19:04:00.999 [main] DEBUG c.e.f.t.c.dao.IManyTable.geTroubles - ==> Parameters: 
19:04:01.468 [main] DEBUG c.e.f.t.c.d.I.getTroubleOperationByTroubleId - ooo Using Connection [ProxyConnection[PooledConnection[com.mysql.jdbc.JDBC4Connection@52f00d5]]]
19:04:01.468 [main] DEBUG c.e.f.t.c.d.I.getTroubleOperationByTroubleId - ==>  Preparing: select * from table_trouble_operation where trouble_id=? order by operation_datetime desc 
19:04:01.468 [main] DEBUG c.e.f.t.c.d.I.getTroubleOperationByTroubleId - ==> Parameters: 6(Long)
19:04:01.577 [main] DEBUG c.e.f.t.c.d.I.getTroubleOperationByTroubleId - <==      Total: 1
19:04:01.593 [main] DEBUG c.e.f.t.c.dao.IManyTable.geTroubles - <==      Total: 1
19:07:04.074 [main] DEBUG c.e.f.t.c.dao.IStaffDao.getStaffById - ooo Using Connection [ProxyConnection[PooledConnection[com.mysql.jdbc.JDBC4Connection@787ea148]]]
19:07:04.087 [main] DEBUG c.e.f.t.c.dao.IStaffDao.getStaffById - ==>  Preparing: select * from table_staff where id=? 
19:07:04.166 [main] DEBUG c.e.f.t.c.dao.IStaffDao.getStaffById - ==> Parameters: 1(Long)
19:07:04.244 [main] DEBUG c.e.f.t.c.dao.IStaffDao.getStaffById - <==      Total: 1
19:07:40.814 [main] DEBUG c.e.f.t.c.dao.IManyTable.geTroubles - ooo Using Connection [ProxyConnection[PooledConnection[com.mysql.jdbc.JDBC4Connection@6632fad3]]]
19:07:40.832 [main] DEBUG c.e.f.t.c.dao.IManyTable.geTroubles - ==>  Preparing: select table_trouble.*,table_trouble_operation.* FROM table_trouble,table_trouble_operation WHERE table_trouble.id=table_trouble_operation.trouble_id 
19:07:40.910 [main] DEBUG c.e.f.t.c.dao.IManyTable.geTroubles - ==> Parameters: 
19:07:41.035 [main] DEBUG c.e.f.t.c.d.I.getTroubleOperationByTroubleId - ooo Using Connection [ProxyConnection[PooledConnection[com.mysql.jdbc.JDBC4Connection@6632fad3]]]
19:07:41.035 [main] DEBUG c.e.f.t.c.d.I.getTroubleOperationByTroubleId - ==>  Preparing: select * from table_trouble_operation where trouble_id=? order by operation_datetime desc 
19:07:41.035 [main] DEBUG c.e.f.t.c.d.I.getTroubleOperationByTroubleId - ==> Parameters: 6(Long)
19:07:41.051 [main] DEBUG c.e.f.t.c.d.I.getTroubleOperationByTroubleId - <==      Total: 1
19:07:41.051 [main] DEBUG c.e.f.t.c.dao.IManyTable.geTroubles - <==      Total: 1
19:15:54.665 [main] DEBUG c.e.f.t.c.dao.IManyTable.geTroubles - ooo Using Connection [ProxyConnection[PooledConnection[com.mysql.jdbc.JDBC4Connection@18bbd9e6]]]
19:15:54.681 [main] DEBUG c.e.f.t.c.dao.IManyTable.geTroubles - ooo Using Connection [ProxyConnection[PooledConnection[com.mysql.jdbc.JDBC4Connection@3b5d39e9]]]
19:15:54.696 [main] DEBUG c.e.f.t.c.dao.IManyTable.geTroubles - ==>  Preparing: select table_trouble.*,table_trouble_operation.* FROM table_trouble,table_trouble_operation WHERE table_trouble.id=table_trouble_operation.trouble_id 
19:15:54.712 [main] DEBUG c.e.f.t.c.dao.IManyTable.geTroubles - ==>  Preparing: select table_trouble.*,table_trouble_operation.* FROM table_trouble,table_trouble_operation WHERE table_trouble.id=table_trouble_operation.trouble_id 
19:15:54.821 [main] DEBUG c.e.f.t.c.dao.IManyTable.geTroubles - ==> Parameters: 
19:15:54.821 [main] DEBUG c.e.f.t.c.dao.IManyTable.geTroubles - ==> Parameters: 
19:15:54.931 [main] DEBUG c.e.f.t.c.d.I.getTroubleOperationByTroubleId - ooo Using Connection [ProxyConnection[PooledConnection[com.mysql.jdbc.JDBC4Connection@18bbd9e6]]]
19:15:54.931 [main] DEBUG c.e.f.t.c.d.I.getTroubleOperationByTroubleId - ==>  Preparing: select * from table_trouble_operation where trouble_id=? order by operation_datetime desc 
19:15:54.931 [main] DEBUG c.e.f.t.c.d.I.getTroubleOperationByTroubleId - ==> Parameters: 6(Long)
19:15:54.931 [main] DEBUG c.e.f.t.c.d.I.getTroubleOperationByTroubleId - <==      Total: 1
19:15:54.931 [main] DEBUG c.e.f.t.c.dao.IManyTable.geTroubles - <==      Total: 1
19:15:54.931 [main] DEBUG c.e.f.t.c.d.I.getTroubleOperationByTroubleId - ooo Using Connection [ProxyConnection[PooledConnection[com.mysql.jdbc.JDBC4Connection@3b5d39e9]]]
19:15:54.946 [main] DEBUG c.e.f.t.c.d.I.getTroubleOperationByTroubleId - ==>  Preparing: select * from table_trouble_operation where trouble_id=? order by operation_datetime desc 
19:15:54.946 [main] DEBUG c.e.f.t.c.d.I.getTroubleOperationByTroubleId - ==> Parameters: 6(Long)
19:15:54.946 [main] DEBUG c.e.f.t.c.d.I.getTroubleOperationByTroubleId - <==      Total: 1
19:15:54.946 [main] DEBUG c.e.f.t.c.dao.IManyTable.geTroubles - <==      Total: 1
19:16:08.282 [main] DEBUG c.e.f.t.c.dao.IManyTable.geTroubles - ooo Using Connection [ProxyConnection[PooledConnection[com.mysql.jdbc.JDBC4Connection@1cf16710]]]
19:16:08.307 [main] DEBUG c.e.f.t.c.dao.IManyTable.geTroubles - ==>  Preparing: select table_trouble.*,table_trouble_operation.* FROM table_trouble,table_trouble_operation WHERE table_trouble.id=table_trouble_operation.trouble_id 
19:16:08.385 [main] DEBUG c.e.f.t.c.dao.IManyTable.geTroubles - ==> Parameters: 
19:16:08.448 [main] DEBUG c.e.f.t.c.d.I.getTroubleOperationByTroubleId - ooo Using Connection [ProxyConnection[PooledConnection[com.mysql.jdbc.JDBC4Connection@1cf16710]]]
19:16:08.448 [main] DEBUG c.e.f.t.c.d.I.getTroubleOperationByTroubleId - ==>  Preparing: select * from table_trouble_operation where trouble_id=? order by operation_datetime desc 
19:16:08.463 [main] DEBUG c.e.f.t.c.d.I.getTroubleOperationByTroubleId - ==> Parameters: 6(Long)
19:16:08.463 [main] DEBUG c.e.f.t.c.d.I.getTroubleOperationByTroubleId - <==      Total: 1
19:16:08.463 [main] DEBUG c.e.f.t.c.dao.IManyTable.geTroubles - <==      Total: 1
19:17:52.939 [main] DEBUG c.e.f.t.c.dao.IManyTable.geTroubles - ooo Using Connection [ProxyConnection[PooledConnection[com.mysql.jdbc.JDBC4Connection@358a911a]]]
19:17:52.949 [main] DEBUG c.e.f.t.c.dao.IManyTable.geTroubles - ==>  Preparing: select table_trouble.*,table_trouble_operation.* FROM table_trouble,table_trouble_operation WHERE table_trouble.id=table_trouble_operation.trouble_id 
19:17:53.028 [main] DEBUG c.e.f.t.c.dao.IManyTable.geTroubles - ==> Parameters: 
19:17:53.106 [main] DEBUG c.e.f.t.c.d.I.getTroubleOperationByTroubleId - ooo Using Connection [ProxyConnection[PooledConnection[com.mysql.jdbc.JDBC4Connection@358a911a]]]
19:17:53.106 [main] DEBUG c.e.f.t.c.d.I.getTroubleOperationByTroubleId - ==>  Preparing: select * from table_trouble_operation where trouble_id=? order by operation_datetime desc 
19:17:53.106 [main] DEBUG c.e.f.t.c.d.I.getTroubleOperationByTroubleId - ==> Parameters: 6(Long)
19:17:53.121 [main] DEBUG c.e.f.t.c.d.I.getTroubleOperationByTroubleId - <==      Total: 1
19:17:53.121 [main] DEBUG c.e.f.t.c.dao.IManyTable.geTroubles - <==      Total: 1
19:26:57.161 [main] DEBUG c.e.f.t.c.dao.IStaffDao.getStaffById - ooo Using Connection [ProxyConnection[PooledConnection[com.mysql.jdbc.JDBC4Connection@c5a9737]]]
19:26:57.172 [main] DEBUG c.e.f.t.c.dao.IStaffDao.getStaffById - ==>  Preparing: select * from table_staff where id=? 
19:26:57.250 [main] DEBUG c.e.f.t.c.dao.IStaffDao.getStaffById - ==> Parameters: 1(Long)
19:26:57.328 [main] DEBUG c.e.f.t.c.dao.IStaffDao.getStaffById - <==      Total: 1
19:27:10.165 [main] DEBUG c.e.f.t.c.dao.IStaffDao.getStaffById - ooo Using Connection [ProxyConnection[PooledConnection[com.mysql.jdbc.JDBC4Connection@c5a9737]]]
19:27:10.184 [main] DEBUG c.e.f.t.c.dao.IStaffDao.getStaffById - ==>  Preparing: select * from table_staff where id=? 
19:27:10.247 [main] DEBUG c.e.f.t.c.dao.IStaffDao.getStaffById - ==> Parameters: 1(Long)
19:27:10.309 [main] DEBUG c.e.f.t.c.dao.IStaffDao.getStaffById - <==      Total: 1
19:31:21.806 [main] DEBUG c.e.f.t.c.dao.IManyTable.geTroubles - ooo Using Connection [ProxyConnection[PooledConnection[com.mysql.jdbc.JDBC4Connection@762071af]]]
19:31:21.825 [main] DEBUG c.e.f.t.c.dao.IManyTable.geTroubles - ==>  Preparing: select table_trouble.*,table_trouble_operation.* FROM table_trouble,table_trouble_operation WHERE table_trouble.id=table_trouble_operation.trouble_id 
19:31:21.903 [main] DEBUG c.e.f.t.c.dao.IManyTable.geTroubles - ==> Parameters: 
19:31:21.981 [main] DEBUG c.e.f.t.c.d.I.getTroubleOperationByTroubleId - ooo Using Connection [ProxyConnection[PooledConnection[com.mysql.jdbc.JDBC4Connection@762071af]]]
19:31:21.981 [main] DEBUG c.e.f.t.c.d.I.getTroubleOperationByTroubleId - ==>  Preparing: select * from table_trouble_operation where trouble_id=? order by operation_datetime desc 
19:31:21.997 [main] DEBUG c.e.f.t.c.d.I.getTroubleOperationByTroubleId - ==> Parameters: 6(Long)
19:31:21.997 [main] DEBUG c.e.f.t.c.d.I.getTroubleOperationByTroubleId - <==      Total: 1
19:31:21.997 [main] DEBUG c.e.f.t.c.dao.IManyTable.geTroubles - <==      Total: 1
19:31:36.950 [main] DEBUG c.e.f.t.c.dao.IManyTable.geTroubles - ooo Using Connection [ProxyConnection[PooledConnection[com.mysql.jdbc.JDBC4Connection@5f127fd4]]]
19:31:36.972 [main] DEBUG c.e.f.t.c.dao.IManyTable.geTroubles - ==>  Preparing: select table_trouble.*,table_trouble_operation.* FROM table_trouble,table_trouble_operation WHERE table_trouble.id=table_trouble_operation.trouble_id 
19:31:37.066 [main] DEBUG c.e.f.t.c.dao.IManyTable.geTroubles - ==> Parameters: 
19:31:37.128 [main] DEBUG c.e.f.t.c.d.I.getTroubleOperationByTroubleId - ooo Using Connection [ProxyConnection[PooledConnection[com.mysql.jdbc.JDBC4Connection@5f127fd4]]]
19:31:37.128 [main] DEBUG c.e.f.t.c.d.I.getTroubleOperationByTroubleId - ==>  Preparing: select * from table_trouble_operation where trouble_id=? order by operation_datetime desc 
19:31:37.144 [main] DEBUG c.e.f.t.c.d.I.getTroubleOperationByTroubleId - ==> Parameters: 6(Long)
19:31:37.144 [main] DEBUG c.e.f.t.c.d.I.getTroubleOperationByTroubleId - <==      Total: 1
19:31:37.144 [main] DEBUG c.e.f.t.c.dao.IManyTable.geTroubles - <==      Total: 1
19:31:51.819 [main] DEBUG c.e.f.t.c.dao.IStaffDao.getStaffById - ooo Using Connection [ProxyConnection[PooledConnection[com.mysql.jdbc.JDBC4Connection@5d897368]]]
19:31:51.837 [main] DEBUG c.e.f.t.c.dao.IStaffDao.getStaffById - ==>  Preparing: select * from table_staff where id=? 
19:31:51.915 [main] DEBUG c.e.f.t.c.dao.IStaffDao.getStaffById - ==> Parameters: 1(Long)
19:31:51.962 [main] DEBUG c.e.f.t.c.dao.IStaffDao.getStaffById - <==      Total: 1
19:32:05.031 [main] DEBUG c.e.f.t.c.dao.IStaffDao.getStaffById - ooo Using Connection [ProxyConnection[PooledConnection[com.mysql.jdbc.JDBC4Connection@1d64649c]]]
19:32:05.054 [main] DEBUG c.e.f.t.c.dao.IStaffDao.getStaffById - ==>  Preparing: select * from table_staff where id=? 
19:32:05.132 [main] DEBUG c.e.f.t.c.dao.IStaffDao.getStaffById - ==> Parameters: 1(Long)
19:32:05.195 [main] DEBUG c.e.f.t.c.dao.IStaffDao.getStaffById - <==      Total: 1
19:49:47.372 [main] DEBUG c.e.f.t.c.dao.IStaffDao.getStaffById - ooo Using Connection [ProxyConnection[PooledConnection[com.mysql.jdbc.JDBC4Connection@1683ffe0]]]
19:49:47.411 [main] DEBUG c.e.f.t.c.dao.IStaffDao.getStaffById - ==>  Preparing: select * from table_staff where id=? 
19:49:47.522 [main] DEBUG c.e.f.t.c.dao.IStaffDao.getStaffById - ==> Parameters: 1(Long)
19:49:47.545 [main] DEBUG c.e.f.t.c.dao.IManyTable.geTroubles - ooo Using Connection [ProxyConnection[PooledConnection[com.mysql.jdbc.JDBC4Connection@28b97d8a]]]
19:49:47.585 [main] DEBUG c.e.f.t.c.dao.IManyTable.geTroubles - ==>  Preparing: select table_trouble.*,table_trouble_operation.* FROM table_trouble,table_trouble_operation WHERE table_trouble.id=table_trouble_operation.trouble_id 
19:49:47.652 [main] DEBUG c.e.f.t.c.dao.IManyTable.geTroubles - ==> Parameters: 
19:49:47.730 [main] DEBUG c.e.f.t.c.dao.IStaffDao.getStaffById - <==      Total: 1
19:49:47.818 [main] DEBUG c.e.f.t.c.d.I.getTroubleOperationByTroubleId - ooo Using Connection [ProxyConnection[PooledConnection[com.mysql.jdbc.JDBC4Connection@28b97d8a]]]
19:49:47.821 [main] DEBUG c.e.f.t.c.d.I.getTroubleOperationByTroubleId - ==>  Preparing: select * from table_trouble_operation where trouble_id=? order by operation_datetime desc 
19:49:47.828 [main] DEBUG c.e.f.t.c.d.I.getTroubleOperationByTroubleId - ==> Parameters: 6(Long)
19:49:47.837 [main] DEBUG c.e.f.t.c.d.I.getTroubleOperationByTroubleId - <==      Total: 1
19:49:47.839 [main] DEBUG c.e.f.t.c.dao.IManyTable.geTroubles - <==      Total: 1
20:05:51.734 [main] DEBUG c.e.f.t.c.d.ITestDao.getCitizenByTel - ooo Using Connection [ProxyConnection[PooledConnection[com.mysql.jdbc.JDBC4Connection@39305cfc]]]
20:05:51.751 [main] DEBUG c.e.f.t.c.d.ITestDao.getCitizenByTel - ==>  Preparing: select * from table_citizen where telephone_number=? 
20:05:51.829 [main] DEBUG c.e.f.t.c.d.ITestDao.getCitizenByTel - ==> Parameters: 13306934249(String)
20:05:51.876 [main] DEBUG c.e.f.t.c.d.ITestDao.getCitizenByTel - <==      Total: 1
20:06:06.930 [main] DEBUG c.e.f.t.c.d.ITestDao.getCitizenByTel - ooo Using Connection [ProxyConnection[PooledConnection[com.mysql.jdbc.JDBC4Connection@58de050f]]]
20:06:06.953 [main] DEBUG c.e.f.t.c.d.ITestDao.getCitizenByTel - ==>  Preparing: select * from table_citizen where telephone_number=? 
20:06:07.031 [main] DEBUG c.e.f.t.c.d.ITestDao.getCitizenByTel - ==> Parameters: 13306934249(String)
20:06:07.078 [main] DEBUG c.e.f.t.c.d.ITestDao.getCitizenByTel - <==      Total: 1
20:37:41.973 [main] DEBUG c.e.f.t.c.dao.IManyTable.geTroubles - ooo Using Connection [ProxyConnection[PooledConnection[com.mysql.jdbc.JDBC4Connection@31488a82]]]
20:37:43.512 [main] DEBUG c.e.f.t.c.dao.IManyTable.geTroubles - ==>  Preparing: select table_trouble.*,table_trouble_operation.* FROM table_trouble,table_trouble_operation WHERE table_trouble.id=table_trouble_operation.trouble_id 
20:37:44.146 [main] DEBUG c.e.f.t.c.dao.IManyTable.geTroubles - ==> Parameters: 
20:37:44.496 [main] DEBUG c.e.f.t.c.dao.IManyTable.geTroubles - ooo Using Connection [ProxyConnection[PooledConnection[com.mysql.jdbc.JDBC4Connection@299cee2a]]]
20:37:44.502 [main] DEBUG c.e.f.t.c.dao.IManyTable.geTroubles - ooo Using Connection [ProxyConnection[PooledConnection[com.mysql.jdbc.JDBC4Connection@76c70232]]]
20:37:44.517 [main] DEBUG c.e.f.t.c.dao.IManyTable.geTroubles - ==>  Preparing: select table_trouble.*,table_trouble_operation.* FROM table_trouble,table_trouble_operation WHERE table_trouble.id=table_trouble_operation.trouble_id 
20:37:44.523 [main] DEBUG c.e.f.t.c.dao.IManyTable.geTroubles - ==>  Preparing: select table_trouble.*,table_trouble_operation.* FROM table_trouble,table_trouble_operation WHERE table_trouble.id=table_trouble_operation.trouble_id 
20:37:44.638 [main] DEBUG c.e.f.t.c.dao.IManyTable.geTroubles - ==> Parameters: 
20:37:44.642 [main] DEBUG c.e.f.t.c.dao.IManyTable.geTroubles - ==> Parameters: 
20:37:48.159 [main] DEBUG c.e.f.t.c.dao.IManyTable.geTroubles - ooo Using Connection [ProxyConnection[PooledConnection[com.mysql.jdbc.JDBC4Connection@61c39145]]]
20:37:48.180 [main] DEBUG c.e.f.t.c.dao.IManyTable.geTroubles - ==>  Preparing: select table_trouble.*,table_trouble_operation.* FROM table_trouble,table_trouble_operation WHERE table_trouble.id=table_trouble_operation.trouble_id 
20:37:48.255 [main] DEBUG c.e.f.t.c.dao.IManyTable.geTroubles - ==> Parameters: 
20:37:47.353 [main] DEBUG c.e.f.t.c.dao.IManyTable.geTroubles - ooo Using Connection [ProxyConnection[PooledConnection[com.mysql.jdbc.JDBC4Connection@326d7422]]]
20:37:48.357 [main] DEBUG c.e.f.t.c.dao.IManyTable.geTroubles - ==>  Preparing: select table_trouble.*,table_trouble_operation.* FROM table_trouble,table_trouble_operation WHERE table_trouble.id=table_trouble_operation.trouble_id 
20:37:48.443 [main] DEBUG c.e.f.t.c.dao.IManyTable.geTroubles - ==> Parameters: 
20:38:11.008 [main] DEBUG c.e.f.t.c.d.I.getTroubleOperationByTroubleId - ooo Using Connection [ProxyConnection[PooledConnection[com.mysql.jdbc.JDBC4Connection@61c39145]]]
20:38:11.009 [main] DEBUG c.e.f.t.c.d.I.getTroubleOperationByTroubleId - ==>  Preparing: select * from table_trouble_operation where trouble_id=? order by operation_datetime desc 
20:38:11.013 [main] DEBUG c.e.f.t.c.d.I.getTroubleOperationByTroubleId - ==> Parameters: 6(Long)
20:38:11.023 [main] DEBUG c.e.f.t.c.d.I.getTroubleOperationByTroubleId - ooo Using Connection [ProxyConnection[PooledConnection[com.mysql.jdbc.JDBC4Connection@31488a82]]]
20:38:11.024 [main] DEBUG c.e.f.t.c.d.I.getTroubleOperationByTroubleId - ==>  Preparing: select * from table_trouble_operation where trouble_id=? order by operation_datetime desc 
20:38:11.028 [main] DEBUG c.e.f.t.c.d.I.getTroubleOperationByTroubleId - ==> Parameters: 6(Long)
20:38:11.033 [main] DEBUG c.e.f.t.c.d.I.getTroubleOperationByTroubleId - ooo Using Connection [ProxyConnection[PooledConnection[com.mysql.jdbc.JDBC4Connection@76c70232]]]
20:38:11.034 [main] DEBUG c.e.f.t.c.d.I.getTroubleOperationByTroubleId - ==>  Preparing: select * from table_trouble_operation where trouble_id=? order by operation_datetime desc 
20:38:11.038 [main] DEBUG c.e.f.t.c.d.I.getTroubleOperationByTroubleId - ==> Parameters: 6(Long)
20:38:11.043 [main] DEBUG c.e.f.t.c.d.I.getTroubleOperationByTroubleId - ooo Using Connection [ProxyConnection[PooledConnection[com.mysql.jdbc.JDBC4Connection@299cee2a]]]
20:38:11.044 [main] DEBUG c.e.f.t.c.d.I.getTroubleOperationByTroubleId - ==>  Preparing: select * from table_trouble_operation where trouble_id=? order by operation_datetime desc 
20:38:11.048 [main] DEBUG c.e.f.t.c.d.I.getTroubleOperationByTroubleId - ==> Parameters: 6(Long)
20:38:11.052 [main] DEBUG c.e.f.t.c.d.I.getTroubleOperationByTroubleId - ooo Using Connection [ProxyConnection[PooledConnection[com.mysql.jdbc.JDBC4Connection@326d7422]]]
20:38:11.053 [main] DEBUG c.e.f.t.c.d.I.getTroubleOperationByTroubleId - ==>  Preparing: select * from table_trouble_operation where trouble_id=? order by operation_datetime desc 
20:38:11.056 [main] DEBUG c.e.f.t.c.d.I.getTroubleOperationByTroubleId - ==> Parameters: 6(Long)
20:38:21.600 [main] DEBUG c.e.f.t.c.d.I.getTroubleOperationByTroubleId - <==      Total: 1
20:38:21.600 [main] DEBUG c.e.f.t.c.d.I.getTroubleOperationByTroubleId - <==      Total: 1
20:38:21.600 [main] DEBUG c.e.f.t.c.d.I.getTroubleOperationByTroubleId - <==      Total: 1
20:38:21.601 [main] DEBUG c.e.f.t.c.d.I.getTroubleOperationByTroubleId - <==      Total: 1
20:38:21.602 [main] DEBUG c.e.f.t.c.dao.IManyTable.geTroubles - <==      Total: 1
20:38:21.602 [main] DEBUG c.e.f.t.c.dao.IManyTable.geTroubles - <==      Total: 1
20:38:21.603 [main] DEBUG c.e.f.t.c.dao.IManyTable.geTroubles - <==      Total: 1
20:38:21.604 [main] DEBUG c.e.f.t.c.dao.IManyTable.geTroubles - <==      Total: 1
20:38:21.608 [main] DEBUG c.e.f.t.c.d.I.getTroubleOperationByTroubleId - <==      Total: 1
20:38:21.610 [main] DEBUG c.e.f.t.c.dao.IManyTable.geTroubles - <==      Total: 1
23:03:54.664 [main] DEBUG c.e.f.t.c.d.ITestDao.getCitizenByTel - ooo Using Connection [ProxyConnection[PooledConnection[com.mysql.jdbc.JDBC4Connection@7a6b1cdc]]]
23:03:54.688 [main] DEBUG c.e.f.t.c.d.ITestDao.getCitizenByTel - ==>  Preparing: select * from table_citizen where telephone_number=? 
23:03:54.708 [main] DEBUG c.e.f.t.c.d.ITestDao.getCitizenByTel - ==> Parameters: 13306934249(String)
23:03:54.723 [main] DEBUG c.e.f.t.c.d.ITestDao.getCitizenByTel - <==      Total: 1
23:04:04.042 [main] DEBUG c.e.f.t.c.d.ITestDao.getCitizenByTel - ooo Using Connection [ProxyConnection[PooledConnection[com.mysql.jdbc.JDBC4Connection@154d7534]]]
23:04:04.047 [main] DEBUG c.e.f.t.c.d.ITestDao.getCitizenByTel - ==>  Preparing: select * from table_citizen where telephone_number=? 
23:04:04.067 [main] DEBUG c.e.f.t.c.d.ITestDao.getCitizenByTel - ==> Parameters: 13306934249(String)
23:04:04.080 [main] DEBUG c.e.f.t.c.d.ITestDao.getCitizenByTel - <==      Total: 1
23:55:51.766 [main] DEBUG c.e.f.t.c.d.ITestDao.getCitizenByTel - ooo Using Connection [ProxyConnection[PooledConnection[com.mysql.jdbc.JDBC4Connection@154d7534]]]
23:55:51.771 [main] DEBUG c.e.f.t.c.d.ITestDao.getCitizenByTel - ==>  Preparing: select * from table_citizen where telephone_number=? 
23:55:51.793 [main] DEBUG c.e.f.t.c.d.ITestDao.getCitizenByTel - ==> Parameters: 13306934249(String)
23:55:51.807 [main] DEBUG c.e.f.t.c.d.ITestDao.getCitizenByTel - <==      Total: 1
23:55:58.443 [main] DEBUG c.e.f.t.c.d.ITestDao.getCitizenByTel - ooo Using Connection [ProxyConnection[PooledConnection[com.mysql.jdbc.JDBC4Connection@1049b3d9]]]
23:55:58.449 [main] DEBUG c.e.f.t.c.d.ITestDao.getCitizenByTel - ==>  Preparing: select * from table_citizen where telephone_number=? 
23:55:58.470 [main] DEBUG c.e.f.t.c.d.ITestDao.getCitizenByTel - ==> Parameters: 13306934249(String)
23:55:58.485 [main] DEBUG c.e.f.t.c.d.ITestDao.getCitizenByTel - <==      Total: 1
23:56:31.212 [main] DEBUG c.e.f.t.c.d.ITestDao.getCitizenByTel - ooo Using Connection [ProxyConnection[PooledConnection[com.mysql.jdbc.JDBC4Connection@231c8eb4]]]
23:56:31.218 [main] DEBUG c.e.f.t.c.d.ITestDao.getCitizenByTel - ==>  Preparing: select * from table_citizen where telephone_number=? 
23:56:31.240 [main] DEBUG c.e.f.t.c.d.ITestDao.getCitizenByTel - ==> Parameters: 13306934249(String)
23:56:31.263 [main] DEBUG c.e.f.t.c.d.ITestDao.getCitizenByTel - <==      Total: 1
23:56:38.388 [main] DEBUG c.e.f.t.c.d.ITestDao.getCitizenByTel - ooo Using Connection [ProxyConnection[PooledConnection[com.mysql.jdbc.JDBC4Connection@154d7534]]]
23:56:38.393 [main] DEBUG c.e.f.t.c.d.ITestDao.getCitizenByTel - ==>  Preparing: select * from table_citizen where telephone_number=? 
23:56:38.414 [main] DEBUG c.e.f.t.c.d.ITestDao.getCitizenByTel - ==> Parameters: 13306934249(String)
23:56:38.428 [main] DEBUG c.e.f.t.c.d.ITestDao.getCitizenByTel - <==      Total: 1
23:57:12.658 [main] DEBUG c.e.f.t.c.d.ITestDao.getCitizenByTel - ooo Using Connection [ProxyConnection[PooledConnection[com.mysql.jdbc.JDBC4Connection@231c8eb4]]]
23:57:12.664 [main] DEBUG c.e.f.t.c.d.ITestDao.getCitizenByTel - ==>  Preparing: select * from table_citizen where telephone_number=? 
23:57:12.685 [main] DEBUG c.e.f.t.c.d.ITestDao.getCitizenByTel - ==> Parameters: 13306934249(String)
23:57:12.702 [main] DEBUG c.e.f.t.c.d.ITestDao.getCitizenByTel - <==      Total: 1
23:57:19.095 [main] DEBUG c.e.f.t.c.d.ITestDao.getCitizenByTel - ooo Using Connection [ProxyConnection[PooledConnection[com.mysql.jdbc.JDBC4Connection@231c8eb4]]]
23:57:19.101 [main] DEBUG c.e.f.t.c.d.ITestDao.getCitizenByTel - ==>  Preparing: select * from table_citizen where telephone_number=? 
23:57:19.121 [main] DEBUG c.e.f.t.c.d.ITestDao.getCitizenByTel - ==> Parameters: 13306934249(String)
23:57:19.135 [main] DEBUG c.e.f.t.c.d.ITestDao.getCitizenByTel - <==      Total: 1
